<?xml version="1.0" encoding="UTF-8"?>
<testsuite xmlns:xsi="http://www.w3.org/2001/XMLSchema-instance" xsi:noNamespaceSchemaLocation="https://maven.apache.org/surefire/maven-surefire-plugin/xsd/surefire-test-report.xsd" version="3.0.2" name="br.com.fiap.postech.customermanagement.CustomersApplicationTest" time="5.496" tests="1" errors="0" skipped="0" failures="0">
  <properties>
[...]
</properties>
  <testcase name="main_runsSpringApplication" classname="br.com.fiap.postech.customermanagement.CustomersApplicationTest" time="0.464">
    <system-out><![CDATA[14:11:00.859 [main] INFO org.springframework.boot.devtools.restart.RestartApplicationListener -- Restart disabled due to context in which it is running

  .   ____          _            __ _ _
 /\\ / ___'_ __ _ _(_)_ __  __ _ \ \ \ \
( ( )\___ | '_ | '_| | '_ \/ _` | \ \ \ \
 \\/  ___)| |_)| | | | | || (_| |  ) ) ) )
  '  |____| .__|_| |_|_| |_\__, | / / / /
 =========|_|==============|___/=/_/_/_/

 :: Spring Boot ::                (v3.4.2)

2025-02-21T14:11:01.174-03:00  INFO 8752 --- [Customer Management API] [           main] b.c.f.p.c.CustomersApplicationTest       : Starting CustomersApplicationTest using Java 21.0.6 with PID 8752 (started by ferna in D:\repos\tech-challenge4\customers-api)
2025-02-21T14:11:01.175-03:00  INFO 8752 --- [Customer Management API] [           main] b.c.f.p.c.CustomersApplicationTest       : The following 1 profile is active: "test"
2025-02-21T14:11:02.210-03:00  INFO 8752 --- [Customer Management API] [           main] .s.d.r.c.RepositoryConfigurationDelegate : Bootstrapping Spring Data JPA repositories in DEFAULT mode.
2025-02-21T14:11:02.300-03:00  INFO 8752 --- [Customer Management API] [           main] .s.d.r.c.RepositoryConfigurationDelegate : Finished Spring Data repository scanning in 67 ms. Found 1 JPA repository interface.
2025-02-21T14:11:02.998-03:00  INFO 8752 --- [Customer Management API] [           main] o.s.b.w.embedded.tomcat.TomcatWebServer  : Tomcat initialized with port 0 (http)
2025-02-21T14:11:03.018-03:00  INFO 8752 --- [Customer Management API] [           main] o.apache.catalina.core.StandardService   : Starting service [Tomcat]
2025-02-21T14:11:03.018-03:00  INFO 8752 --- [Customer Management API] [           main] o.apache.catalina.core.StandardEngine    : Starting Servlet engine: [Apache Tomcat/10.1.34]
2025-02-21T14:11:03.083-03:00  INFO 8752 --- [Customer Management API] [           main] o.a.c.c.C.[.[.[/api/customermanagement]  : Initializing Spring embedded WebApplicationContext
2025-02-21T14:11:03.084-03:00  INFO 8752 --- [Customer Management API] [           main] w.s.c.ServletWebServerApplicationContext : Root WebApplicationContext: initialization completed in 1893 ms
2025-02-21T14:11:03.103-03:00 DEBUG 8752 --- [Customer Management API] [           main] o.s.b.w.s.ServletContextInitializerBeans : Mapping filters: characterEncodingFilter urls=[/*] order=-2147483648, formContentFilter urls=[/*] order=-9900, requestContextFilter urls=[/*] order=-105
2025-02-21T14:11:03.103-03:00 DEBUG 8752 --- [Customer Management API] [           main] o.s.b.w.s.ServletContextInitializerBeans : Mapping servlets: dispatcherServlet urls=[/], h2Console urls=[/h2-console/*]
2025-02-21T14:11:03.293-03:00  INFO 8752 --- [Customer Management API] [           main] o.hibernate.jpa.internal.util.LogHelper  : HHH000204: Processing PersistenceUnitInfo [name: default]
2025-02-21T14:11:03.384-03:00  INFO 8752 --- [Customer Management API] [           main] org.hibernate.Version                    : HHH000412: Hibernate ORM core version 6.6.5.Final
2025-02-21T14:11:03.415-03:00  INFO 8752 --- [Customer Management API] [           main] o.h.c.internal.RegionFactoryInitiator    : HHH000026: Second-level cache disabled
2025-02-21T14:11:03.522-03:00  INFO 8752 --- [Customer Management API] [           main] o.s.o.j.p.SpringPersistenceUnitInfo      : No LoadTimeWeaver setup: ignoring JPA class transformer
2025-02-21T14:11:03.545-03:00  INFO 8752 --- [Customer Management API] [           main] com.zaxxer.hikari.HikariDataSource       : HikariPool-1 - Starting...
2025-02-21T14:11:03.843-03:00  INFO 8752 --- [Customer Management API] [           main] com.zaxxer.hikari.pool.HikariPool        : HikariPool-1 - Added connection conn1: url=jdbc:h2:/data/customers_bd user=SA
2025-02-21T14:11:03.845-03:00  INFO 8752 --- [Customer Management API] [           main] com.zaxxer.hikari.HikariDataSource       : HikariPool-1 - Start completed.
2025-02-21T14:11:03.869-03:00  WARN 8752 --- [Customer Management API] [           main] org.hibernate.orm.deprecation            : HHH90000025: H2Dialect does not need to be specified explicitly using 'hibernate.dialect' (remove the property setting and it will be selected by default)
2025-02-21T14:11:03.882-03:00  INFO 8752 --- [Customer Management API] [           main] org.hibernate.orm.connections.pooling    : HHH10001005: Database info:
	Database JDBC URL [Connecting through datasource 'HikariDataSource (HikariPool-1)']
	Database driver: undefined/unknown
	Database version: 2.3.232
	Autocommit mode: undefined/unknown
	Isolation level: undefined/unknown
	Minimum pool size: undefined/unknown
	Maximum pool size: undefined/unknown
2025-02-21T14:11:04.454-03:00  INFO 8752 --- [Customer Management API] [           main] o.h.e.t.j.p.i.JtaPlatformInitiator       : HHH000489: No JTA platform available (set 'hibernate.transaction.jta.platform' to enable JTA platform integration)
Hibernate: drop table if exists tb_customers cascade 
Hibernate: create table tb_customers (id bigint generated by default as identity, address varchar(255), address_number varchar(255), cell_phone varchar(255), city varchar(255), complement varchar(255), email varchar(255) not null unique, name varchar(255), neighborhood varchar(255), phone varchar(255), state varchar(255), zip_code varchar(255), primary key (id))
2025-02-21T14:11:04.478-03:00  INFO 8752 --- [Customer Management API] [           main] j.LocalContainerEntityManagerFactoryBean : Initialized JPA EntityManagerFactory for persistence unit 'default'
2025-02-21T14:11:04.966-03:00  WARN 8752 --- [Customer Management API] [           main] JpaBaseConfiguration$JpaWebConfiguration : spring.jpa.open-in-view is enabled by default. Therefore, database queries may be performed during view rendering. Explicitly configure spring.jpa.open-in-view to disable this warning
2025-02-21T14:11:05.055-03:00 DEBUG 8752 --- [Customer Management API] [           main] s.w.s.m.m.a.RequestMappingHandlerMapping : 13 mappings in 'requestMappingHandlerMapping'
2025-02-21T14:11:05.173-03:00 DEBUG 8752 --- [Customer Management API] [           main] o.s.w.s.handler.SimpleUrlHandlerMapping  : Patterns [/webjars/**, /**, /swagger-ui*/*swagger-initializer.js, /swagger-ui*/**] in 'resourceHandlerMapping'
2025-02-21T14:11:05.205-03:00 DEBUG 8752 --- [Customer Management API] [           main] s.w.s.m.m.a.RequestMappingHandlerAdapter : ControllerAdvice beans: 0 @ModelAttribute, 0 @InitBinder, 1 RequestBodyAdvice, 1 ResponseBodyAdvice
2025-02-21T14:11:05.260-03:00 DEBUG 8752 --- [Customer Management API] [           main] .m.m.a.ExceptionHandlerExceptionResolver : ControllerAdvice beans: 2 @ExceptionHandler, 1 ResponseBodyAdvice
2025-02-21T14:11:05.351-03:00  INFO 8752 --- [Customer Management API] [           main] o.s.b.a.h2.H2ConsoleAutoConfiguration    : H2 console available at '/h2-console'. Database available at 'jdbc:h2:/data/customers_bd'
2025-02-21T14:11:05.583-03:00  INFO 8752 --- [Customer Management API] [           main] o.s.b.w.embedded.tomcat.TomcatWebServer  : Tomcat started on port 51106 (http) with context path '/api/customermanagement'
2025-02-21T14:11:05.592-03:00  INFO 8752 --- [Customer Management API] [           main] b.c.f.p.c.CustomersApplicationTest       : Started CustomersApplicationTest in 4.742 seconds (process running for 6.883)
2025-02-21T14:11:05.607-03:00  INFO 8752 --- [Customer Management API] [           main] o.s.b.d.r.RestartApplicationListener     : Restart disabled due to context in which it is running

  .   ____          _            __ _ _
 /\\ / ___'_ __ _ _(_)_ __  __ _ \ \ \ \
( ( )\___ | '_ | '_| | '_ \/ _` | \ \ \ \
 \\/  ___)| |_)| | | | | || (_| |  ) ) ) )
  '  |____| .__|_| |_|_| |_\__, | / / / /
 =========|_|==============|___/=/_/_/_/

 :: Spring Boot ::                (v3.4.2)

2025-02-21T14:11:05.622-03:00  INFO 8752 --- [Customer Management API] [           main] b.c.f.p.c.CustomersApplication           : Starting CustomersApplication using Java 21.0.6 with PID 8752 (started by ferna in D:\repos\tech-challenge4\customers-api)
2025-02-21T14:11:05.623-03:00  INFO 8752 --- [Customer Management API] [           main] b.c.f.p.c.CustomersApplication           : No active profile set, falling back to 1 default profile: "default"
2025-02-21T14:11:05.759-03:00  INFO 8752 --- [Customer Management API] [           main] .s.d.r.c.RepositoryConfigurationDelegate : Bootstrapping Spring Data JPA repositories in DEFAULT mode.
2025-02-21T14:11:05.773-03:00  INFO 8752 --- [Customer Management API] [           main] .s.d.r.c.RepositoryConfigurationDelegate : Finished Spring Data repository scanning in 13 ms. Found 1 JPA repository interface.
2025-02-21T14:11:05.819-03:00  INFO 8752 --- [Customer Management API] [           main] o.s.b.w.embedded.tomcat.TomcatWebServer  : Tomcat initialized with port 9999 (http)
2025-02-21T14:11:05.820-03:00  INFO 8752 --- [Customer Management API] [           main] o.apache.catalina.core.StandardService   : Starting service [Tomcat]
2025-02-21T14:11:05.820-03:00  INFO 8752 --- [Customer Management API] [           main] o.apache.catalina.core.StandardEngine    : Starting Servlet engine: [Apache Tomcat/10.1.34]
2025-02-21T14:11:05.839-03:00  INFO 8752 --- [Customer Management API] [           main] o.a.c.c.C.[.[.[/api/customermanagement]  : Initializing Spring embedded WebApplicationContext
2025-02-21T14:11:05.839-03:00  INFO 8752 --- [Customer Management API] [           main] w.s.c.ServletWebServerApplicationContext : Root WebApplicationContext: initialization completed in 215 ms
2025-02-21T14:11:05.844-03:00 DEBUG 8752 --- [Customer Management API] [           main] o.s.b.w.s.ServletContextInitializerBeans : Mapping filters: characterEncodingFilter urls=[/*] order=-2147483648, formContentFilter urls=[/*] order=-9900, requestContextFilter urls=[/*] order=-105
2025-02-21T14:11:05.845-03:00 DEBUG 8752 --- [Customer Management API] [           main] o.s.b.w.s.ServletContextInitializerBeans : Mapping servlets: dispatcherServlet urls=[/], h2Console urls=[/h2-console/*]
2025-02-21T14:11:05.877-03:00  INFO 8752 --- [Customer Management API] [           main] o.hibernate.jpa.internal.util.LogHelper  : HHH000204: Processing PersistenceUnitInfo [name: default]
2025-02-21T14:11:05.879-03:00  INFO 8752 --- [Customer Management API] [           main] o.h.c.internal.RegionFactoryInitiator    : HHH000026: Second-level cache disabled
2025-02-21T14:11:05.886-03:00  INFO 8752 --- [Customer Management API] [           main] o.s.o.j.p.SpringPersistenceUnitInfo      : No LoadTimeWeaver setup: ignoring JPA class transformer
2025-02-21T14:11:05.887-03:00  INFO 8752 --- [Customer Management API] [           main] com.zaxxer.hikari.HikariDataSource       : HikariPool-2 - Starting...
2025-02-21T14:11:05.888-03:00  INFO 8752 --- [Customer Management API] [           main] com.zaxxer.hikari.pool.HikariPool        : HikariPool-2 - Added connection conn11: url=jdbc:h2:/data/customers_bd user=SA
2025-02-21T14:11:05.888-03:00  INFO 8752 --- [Customer Management API] [           main] com.zaxxer.hikari.HikariDataSource       : HikariPool-2 - Start completed.
2025-02-21T14:11:05.888-03:00  WARN 8752 --- [Customer Management API] [           main] org.hibernate.orm.deprecation            : HHH90000025: H2Dialect does not need to be specified explicitly using 'hibernate.dialect' (remove the property setting and it will be selected by default)
2025-02-21T14:11:05.889-03:00  INFO 8752 --- [Customer Management API] [           main] org.hibernate.orm.connections.pooling    : HHH10001005: Database info:
	Database JDBC URL [Connecting through datasource 'HikariDataSource (HikariPool-2)']
	Database driver: undefined/unknown
	Database version: 2.3.232
	Autocommit mode: undefined/unknown
	Isolation level: undefined/unknown
	Minimum pool size: undefined/unknown
	Maximum pool size: undefined/unknown
2025-02-21T14:11:05.920-03:00  INFO 8752 --- [Customer Management API] [           main] o.h.e.t.j.p.i.JtaPlatformInitiator       : HHH000489: No JTA platform available (set 'hibernate.transaction.jta.platform' to enable JTA platform integration)
Hibernate: drop table if exists tb_customers cascade 
Hibernate: create table tb_customers (id bigint generated by default as identity, address varchar(255), address_number varchar(255), cell_phone varchar(255), city varchar(255), complement varchar(255), email varchar(255) not null unique, name varchar(255), neighborhood varchar(255), phone varchar(255), state varchar(255), zip_code varchar(255), primary key (id))
2025-02-21T14:11:05.923-03:00  INFO 8752 --- [Customer Management API] [           main] j.LocalContainerEntityManagerFactoryBean : Initialized JPA EntityManagerFactory for persistence unit 'default'
2025-02-21T14:11:05.963-03:00  WARN 8752 --- [Customer Management API] [           main] JpaBaseConfiguration$JpaWebConfiguration : spring.jpa.open-in-view is enabled by default. Therefore, database queries may be performed during view rendering. Explicitly configure spring.jpa.open-in-view to disable this warning
2025-02-21T14:11:05.979-03:00 DEBUG 8752 --- [Customer Management API] [           main] s.w.s.m.m.a.RequestMappingHandlerMapping : 13 mappings in 'requestMappingHandlerMapping'
2025-02-21T14:11:05.998-03:00 DEBUG 8752 --- [Customer Management API] [           main] o.s.w.s.handler.SimpleUrlHandlerMapping  : Patterns [/webjars/**, /**, /swagger-ui*/*swagger-initializer.js, /swagger-ui*/**] in 'resourceHandlerMapping'
2025-02-21T14:11:06.003-03:00 DEBUG 8752 --- [Customer Management API] [           main] s.w.s.m.m.a.RequestMappingHandlerAdapter : ControllerAdvice beans: 0 @ModelAttribute, 0 @InitBinder, 1 RequestBodyAdvice, 1 ResponseBodyAdvice
2025-02-21T14:11:06.007-03:00 DEBUG 8752 --- [Customer Management API] [           main] .m.m.a.ExceptionHandlerExceptionResolver : ControllerAdvice beans: 2 @ExceptionHandler, 1 ResponseBodyAdvice
2025-02-21T14:11:06.024-03:00  INFO 8752 --- [Customer Management API] [           main] o.s.b.a.h2.H2ConsoleAutoConfiguration    : H2 console available at '/h2-console'. Database available at 'jdbc:h2:/data/customers_bd'
2025-02-21T14:11:06.045-03:00  INFO 8752 --- [Customer Management API] [           main] o.s.b.w.embedded.tomcat.TomcatWebServer  : Tomcat started on port 9999 (http) with context path '/api/customermanagement'
2025-02-21T14:11:06.049-03:00  INFO 8752 --- [Customer Management API] [           main] b.c.f.p.c.CustomersApplication           : Started CustomersApplication in 0.442 seconds (process running for 7.34)
]]></system-out>
  </testcase>
</testsuite>